<?xml version="1.0" encoding="UTF-8"?>
<!-- Generated by org.testng.reporters.JUnitReportReporter -->
<testsuite hostname="DESKTOP-O0NLTGO" failures="0" tests="4" name="login_check.Login" time="17.034" errors="0" timestamp="2022-01-25T17:05:47 IST" skipped="1">
  <testcase classname="login_check.Login" name="logoutbtn_verfying" time="6.913"/>
  <system-out/>
  <testcase classname="login_check.Login" name="HomePagetitle" time="2.106"/>
  <system-out/>
  <testcase classname="login_check.Login" name="Report_PageVerfying" time="8.015"/>
  <system-out/>
  <testcase classname="login_check.Login" name="SkipTestCase">
    <skipped/>
  </testcase> <!-- SkipTestCase -->
  <system-out/>
</testsuite> <!-- login_check.Login -->
